<?xml version="1.0" encoding="UTF-8"?>
<!-- Generated by org.testng.reporters.JUnitReportReporter -->
<testsuite skipped="0" hostname="DESKTOP-P8J7LN6" name="com.class01.TaskTwo" tests="3" failures="0" timestamp="2020-05-19T20:09:17 EDT" time="0.007" errors="0">
  <testcase name="test1" time="0.006" classname="com.class01.TaskTwo"/>
  <system-out/>
  <testcase name="test3" time="0.001" classname="com.class01.TaskTwo"/>
  <system-out/>
  <testcase name="test2" time="0.000" classname="com.class01.TaskTwo"/>
  <system-out/>
</testsuite> <!-- com.class01.TaskTwo -->
