<?xml version="1.0" encoding="UTF-8"?>
<!-- Generated by org.testng.reporters.JUnitReportReporter -->
<testsuite skipped="0" hostname="DESKTOP-P8J7LN6" name="com.class01.DiffAnnotations" tests="1" failures="0" timestamp="2020-05-19T19:58:13 EDT" time="0.004" errors="0">
  <testcase name="test" time="0.004" classname="com.class01.DiffAnnotations"/>
  <system-out/>
</testsuite> <!-- com.class01.DiffAnnotations -->
